2018-05-07 15:15:11,041 - SimpleLog4JLogSystem initialized using logfile 'velocity.log'
2018-05-07 15:15:11,041 - ************************************************************** 
2018-05-07 15:15:11,041 - Starting Jakarta Velocity v1.4
2018-05-07 15:15:11,041 - RuntimeInstance initializing.
2018-05-07 15:15:11,041 - Default Properties File: org\apache\velocity\runtime\defaults\velocity.properties
2018-05-07 15:15:11,041 - Trying to use logger class org.apache.velocity.runtime.log.SimpleLog4JLogSystem
2018-05-07 15:15:11,042 - Using logger class org.apache.velocity.runtime.log.SimpleLog4JLogSystem
2018-05-07 15:15:11,045 - Default ResourceManager initializing. (class org.apache.velocity.runtime.resource.ResourceManagerImpl)
2018-05-07 15:15:11,048 - Resource Loader Instantiated: org.apache.velocity.runtime.resource.loader.ClasspathResourceLoader
2018-05-07 15:15:11,048 - ClasspathResourceLoader : initialization starting.
2018-05-07 15:15:11,048 - ClasspathResourceLoader : initialization complete.
2018-05-07 15:15:11,050 - ResourceCache : initialized. (class org.apache.velocity.runtime.resource.ResourceCacheImpl)
2018-05-07 15:15:11,050 - Default ResourceManager initialization complete.
2018-05-07 15:15:11,052 - Loaded System Directive: org.apache.velocity.runtime.directive.Literal
2018-05-07 15:15:11,053 - Loaded System Directive: org.apache.velocity.runtime.directive.Macro
2018-05-07 15:15:11,056 - Loaded System Directive: org.apache.velocity.runtime.directive.Parse
2018-05-07 15:15:11,058 - Loaded System Directive: org.apache.velocity.runtime.directive.Include
2018-05-07 15:15:11,059 - Loaded System Directive: org.apache.velocity.runtime.directive.Foreach
2018-05-07 15:15:11,083 - Created: 20 parsers.
2018-05-07 15:15:11,092 - Velocimacro : initialization starting.
2018-05-07 15:15:11,092 - Velocimacro : adding VMs from VM library template : VM_global_library.vm
2018-05-07 15:15:11,102 - ResourceManager : unable to find resource 'VM_global_library.vm' in any resource loader.
2018-05-07 15:15:11,102 - Velocimacro : error using  VM library template VM_global_library.vm : org.apache.velocity.exception.ResourceNotFoundException: Unable to find resource 'VM_global_library.vm'
2018-05-07 15:15:11,102 - Velocimacro :  VM library template macro registration complete.
2018-05-07 15:15:11,102 - Velocimacro : allowInline = true : VMs can be defined inline in templates
2018-05-07 15:15:11,102 - Velocimacro : allowInlineToOverride = false : VMs defined inline may NOT replace previous VM definitions
2018-05-07 15:15:11,102 - Velocimacro : allowInlineLocal = false : VMs defined inline will be  global in scope if allowed.
2018-05-07 15:15:11,102 - Velocimacro : messages on  : VM system will output logging messages
2018-05-07 15:15:11,102 - Velocimacro : autoload off  : VM system will not automatically reload global library macros
2018-05-07 15:15:11,102 - Velocimacro : initialization complete.
2018-05-07 15:15:11,102 - Velocity successfully started.
2018-05-07 15:20:23,970 - SimpleLog4JLogSystem initialized using logfile 'velocity.log'
2018-05-07 15:20:23,970 - ************************************************************** 
2018-05-07 15:20:23,970 - Starting Jakarta Velocity v1.4
2018-05-07 15:20:23,970 - RuntimeInstance initializing.
2018-05-07 15:20:23,970 - Default Properties File: org\apache\velocity\runtime\defaults\velocity.properties
2018-05-07 15:20:23,970 - Trying to use logger class org.apache.velocity.runtime.log.SimpleLog4JLogSystem
2018-05-07 15:20:23,970 - Using logger class org.apache.velocity.runtime.log.SimpleLog4JLogSystem
2018-05-07 15:20:23,973 - Default ResourceManager initializing. (class org.apache.velocity.runtime.resource.ResourceManagerImpl)
2018-05-07 15:20:23,975 - Resource Loader Instantiated: org.apache.velocity.runtime.resource.loader.ClasspathResourceLoader
2018-05-07 15:20:23,975 - ClasspathResourceLoader : initialization starting.
2018-05-07 15:20:23,975 - ClasspathResourceLoader : initialization complete.
2018-05-07 15:20:23,977 - ResourceCache : initialized. (class org.apache.velocity.runtime.resource.ResourceCacheImpl)
2018-05-07 15:20:23,977 - Default ResourceManager initialization complete.
2018-05-07 15:20:23,980 - Loaded System Directive: org.apache.velocity.runtime.directive.Literal
2018-05-07 15:20:23,981 - Loaded System Directive: org.apache.velocity.runtime.directive.Macro
2018-05-07 15:20:23,986 - Loaded System Directive: org.apache.velocity.runtime.directive.Parse
2018-05-07 15:20:23,988 - Loaded System Directive: org.apache.velocity.runtime.directive.Include
2018-05-07 15:20:23,989 - Loaded System Directive: org.apache.velocity.runtime.directive.Foreach
2018-05-07 15:20:24,012 - Created: 20 parsers.
2018-05-07 15:20:24,018 - Velocimacro : initialization starting.
2018-05-07 15:20:24,018 - Velocimacro : adding VMs from VM library template : VM_global_library.vm
2018-05-07 15:20:24,027 - ResourceManager : unable to find resource 'VM_global_library.vm' in any resource loader.
2018-05-07 15:20:24,027 - Velocimacro : error using  VM library template VM_global_library.vm : org.apache.velocity.exception.ResourceNotFoundException: Unable to find resource 'VM_global_library.vm'
2018-05-07 15:20:24,027 - Velocimacro :  VM library template macro registration complete.
2018-05-07 15:20:24,027 - Velocimacro : allowInline = true : VMs can be defined inline in templates
2018-05-07 15:20:24,027 - Velocimacro : allowInlineToOverride = false : VMs defined inline may NOT replace previous VM definitions
2018-05-07 15:20:24,027 - Velocimacro : allowInlineLocal = false : VMs defined inline will be  global in scope if allowed.
2018-05-07 15:20:24,027 - Velocimacro : messages on  : VM system will output logging messages
2018-05-07 15:20:24,027 - Velocimacro : autoload off  : VM system will not automatically reload global library macros
2018-05-07 15:20:24,027 - Velocimacro : initialization complete.
2018-05-07 15:20:24,027 - Velocity successfully started.
2018-05-07 15:23:05,403 - ResourceManager : found repast/simphony/scenario/Scenario.vt with loader org.apache.velocity.runtime.resource.loader.ClasspathResourceLoader
2018-05-07 15:23:14,415 - SimpleLog4JLogSystem initialized using logfile 'velocity.log'
2018-05-07 15:23:14,415 - ************************************************************** 
2018-05-07 15:23:14,415 - Starting Jakarta Velocity v1.4
2018-05-07 15:23:14,416 - RuntimeInstance initializing.
2018-05-07 15:23:14,416 - Default Properties File: org\apache\velocity\runtime\defaults\velocity.properties
2018-05-07 15:23:14,416 - Trying to use logger class org.apache.velocity.runtime.log.SimpleLog4JLogSystem
2018-05-07 15:23:14,416 - Using logger class org.apache.velocity.runtime.log.SimpleLog4JLogSystem
2018-05-07 15:23:14,419 - Default ResourceManager initializing. (class org.apache.velocity.runtime.resource.ResourceManagerImpl)
2018-05-07 15:23:14,422 - Resource Loader Instantiated: org.apache.velocity.runtime.resource.loader.ClasspathResourceLoader
2018-05-07 15:23:14,422 - ClasspathResourceLoader : initialization starting.
2018-05-07 15:23:14,422 - ClasspathResourceLoader : initialization complete.
2018-05-07 15:23:14,424 - ResourceCache : initialized. (class org.apache.velocity.runtime.resource.ResourceCacheImpl)
2018-05-07 15:23:14,424 - Default ResourceManager initialization complete.
2018-05-07 15:23:14,428 - Loaded System Directive: org.apache.velocity.runtime.directive.Literal
2018-05-07 15:23:14,430 - Loaded System Directive: org.apache.velocity.runtime.directive.Macro
2018-05-07 15:23:14,432 - Loaded System Directive: org.apache.velocity.runtime.directive.Parse
2018-05-07 15:23:14,434 - Loaded System Directive: org.apache.velocity.runtime.directive.Include
2018-05-07 15:23:14,435 - Loaded System Directive: org.apache.velocity.runtime.directive.Foreach
2018-05-07 15:23:14,458 - Created: 20 parsers.
2018-05-07 15:23:14,467 - Velocimacro : initialization starting.
2018-05-07 15:23:14,467 - Velocimacro : adding VMs from VM library template : VM_global_library.vm
2018-05-07 15:23:14,477 - ResourceManager : unable to find resource 'VM_global_library.vm' in any resource loader.
2018-05-07 15:23:14,477 - Velocimacro : error using  VM library template VM_global_library.vm : org.apache.velocity.exception.ResourceNotFoundException: Unable to find resource 'VM_global_library.vm'
2018-05-07 15:23:14,477 - Velocimacro :  VM library template macro registration complete.
2018-05-07 15:23:14,477 - Velocimacro : allowInline = true : VMs can be defined inline in templates
2018-05-07 15:23:14,477 - Velocimacro : allowInlineToOverride = false : VMs defined inline may NOT replace previous VM definitions
2018-05-07 15:23:14,477 - Velocimacro : allowInlineLocal = false : VMs defined inline will be  global in scope if allowed.
2018-05-07 15:23:14,477 - Velocimacro : messages on  : VM system will output logging messages
2018-05-07 15:23:14,477 - Velocimacro : autoload off  : VM system will not automatically reload global library macros
2018-05-07 15:23:14,477 - Velocimacro : initialization complete.
2018-05-07 15:23:14,477 - Velocity successfully started.
2018-05-07 15:42:55,088 - SimpleLog4JLogSystem initialized using logfile 'velocity.log'
2018-05-07 15:42:55,088 - ************************************************************** 
2018-05-07 15:42:55,088 - Starting Jakarta Velocity v1.4
2018-05-07 15:42:55,088 - RuntimeInstance initializing.
2018-05-07 15:42:55,088 - Default Properties File: org\apache\velocity\runtime\defaults\velocity.properties
2018-05-07 15:42:55,088 - Trying to use logger class org.apache.velocity.runtime.log.SimpleLog4JLogSystem
2018-05-07 15:42:55,088 - Using logger class org.apache.velocity.runtime.log.SimpleLog4JLogSystem
2018-05-07 15:42:55,091 - Default ResourceManager initializing. (class org.apache.velocity.runtime.resource.ResourceManagerImpl)
2018-05-07 15:42:55,094 - Resource Loader Instantiated: org.apache.velocity.runtime.resource.loader.ClasspathResourceLoader
2018-05-07 15:42:55,094 - ClasspathResourceLoader : initialization starting.
2018-05-07 15:42:55,094 - ClasspathResourceLoader : initialization complete.
2018-05-07 15:42:55,095 - ResourceCache : initialized. (class org.apache.velocity.runtime.resource.ResourceCacheImpl)
2018-05-07 15:42:55,095 - Default ResourceManager initialization complete.
2018-05-07 15:42:55,098 - Loaded System Directive: org.apache.velocity.runtime.directive.Literal
2018-05-07 15:42:55,100 - Loaded System Directive: org.apache.velocity.runtime.directive.Macro
2018-05-07 15:42:55,102 - Loaded System Directive: org.apache.velocity.runtime.directive.Parse
2018-05-07 15:42:55,104 - Loaded System Directive: org.apache.velocity.runtime.directive.Include
2018-05-07 15:42:55,104 - Loaded System Directive: org.apache.velocity.runtime.directive.Foreach
2018-05-07 15:42:55,126 - Created: 20 parsers.
2018-05-07 15:42:55,133 - Velocimacro : initialization starting.
2018-05-07 15:42:55,133 - Velocimacro : adding VMs from VM library template : VM_global_library.vm
2018-05-07 15:42:55,142 - ResourceManager : unable to find resource 'VM_global_library.vm' in any resource loader.
2018-05-07 15:42:55,142 - Velocimacro : error using  VM library template VM_global_library.vm : org.apache.velocity.exception.ResourceNotFoundException: Unable to find resource 'VM_global_library.vm'
2018-05-07 15:42:55,142 - Velocimacro :  VM library template macro registration complete.
2018-05-07 15:42:55,142 - Velocimacro : allowInline = true : VMs can be defined inline in templates
2018-05-07 15:42:55,142 - Velocimacro : allowInlineToOverride = false : VMs defined inline may NOT replace previous VM definitions
2018-05-07 15:42:55,142 - Velocimacro : allowInlineLocal = false : VMs defined inline will be  global in scope if allowed.
2018-05-07 15:42:55,142 - Velocimacro : messages on  : VM system will output logging messages
2018-05-07 15:42:55,142 - Velocimacro : autoload off  : VM system will not automatically reload global library macros
2018-05-07 15:42:55,142 - Velocimacro : initialization complete.
2018-05-07 15:42:55,142 - Velocity successfully started.
